# JRE version: OpenJDK Runtime Environment (11.0.3+7) (build 11.0.3+7-Ubuntu-1ubuntu218.04.1)
# Java VM: OpenJDK 64-Bit Server VM (11.0.3+7-Ubuntu-1ubuntu218.04.1, mixed mode, sharing, tiered, compressed oops, g1 gc, linux-amd64)
Heap:
 garbage-first heap   total 774144K, used 35804K [0x0000000700000000, 0x0000000800000000)
  region size 1024K, 2 young (2048K), 2 survivors (2048K)
 Metaspace       used 5821K, capacity 7450K, committed 7552K, reserved 1056768K
  class space    used 628K, capacity 803K, committed 896K, reserved 1048576K
GC Heap History (9 events):
Event: 1.601 GC heap before
{Heap before GC invocations=0 (full 0):
 garbage-first heap   total 258048K, used 13948K [0x0000000700000000, 0x0000000800000000)
  region size 1024K, 14 young (14336K), 0 survivors (0K)
 Metaspace       used 4890K, capacity 6920K, committed 7168K, reserved 1056768K
  class space    used 537K, capacity 738K, committed 768K, reserved 1048576K
}
Event: 1.869 GC heap after
{Heap after GC invocations=1 (full 0):
 garbage-first heap   total 258048K, used 3823K [0x0000000700000000, 0x0000000800000000)
  region size 1024K, 2 young (2048K), 2 survivors (2048K)
 Metaspace       used 4890K, capacity 6920K, committed 7168K, reserved 1056768K
  class space    used 537K, capacity 738K, committed 768K, reserved 1048576K
}
Event: 2.157 GC heap before
{Heap before GC invocations=1 (full 0):
 garbage-first heap   total 258048K, used 14063K [0x0000000700000000, 0x0000000800000000)
  region size 1024K, 12 young (12288K), 2 survivors (2048K)
 Metaspace       used 5589K, capacity 7254K, committed 7552K, reserved 1056768K
  class space    used 602K, capacity 781K, committed 896K, reserved 1048576K
}
Event: 2.918 GC heap after
{Heap after GC invocations=2 (full 0):
 garbage-first heap   total 258048K, used 9770K [0x0000000700000000, 0x0000000800000000)
  region size 1024K, 2 young (2048K), 2 survivors (2048K)
 Metaspace       used 5589K, capacity 7254K, committed 7552K, reserved 1056768K
  class space    used 602K, capacity 781K, committed 896K, reserved 1048576K
}
Event: 3.055 GC heap before
{Heap before GC invocations=2 (full 0):
 garbage-first heap   total 258048K, used 18986K [0x0000000700000000, 0x0000000800000000)
  region size 1024K, 12 young (12288K), 2 survivors (2048K)
 Metaspace       used 5593K, capacity 7254K, committed 7552K, reserved 1056768K
  class space    used 602K, capacity 781K, committed 896K, reserved 1048576K
}
Event: 3.412 GC heap after
{Heap after GC invocations=3 (full 0):
 garbage-first heap   total 258048K, used 16957K [0x0000000700000000, 0x0000000800000000)
  region size 1024K, 2 young (2048K), 2 survivors (2048K)
 Metaspace       used 5593K, capacity 7254K, committed 7552K, reserved 1056768K
  class space    used 602K, capacity 781K, committed 896K, reserved 1048576K
}
Event: 3.503 GC heap before
{Heap before GC invocations=3 (full 0):
 garbage-first heap   total 258048K, used 28221K [0x0000000700000000, 0x0000000800000000)
  region size 1024K, 12 young (12288K), 2 survivors (2048K)
 Metaspace       used 5593K, capacity 7254K, committed 7552K, reserved 1056768K
  class space    used 602K, capacity 781K, committed 896K, reserved 1048576K
}
Event: 3.691 GC heap after
{Heap after GC invocations=4 (full 0):
 garbage-first heap   total 258048K, used 25078K [0x0000000700000000, 0x0000000800000000)
  region size 1024K, 2 young (2048K), 2 survivors (2048K)
 Metaspace       used 5593K, capacity 7254K, committed 7552K, reserved 1056768K
  class space    used 602K, capacity 781K, committed 896K, reserved 1048576K
}
Event: 4.032 GC heap before
{Heap before GC invocations=4 (full 0):
 garbage-first heap   total 258048K, used 39414K [0x0000000700000000, 0x0000000800000000)
  region size 1024K, 12 young (12288K), 2 survivors (2048K)
 Metaspace       used 5821K, capacity 7450K, committed 7552K, reserved 1056768K
  class space    used 628K, capacity 803K, committed 896K, reserved 1048576K
}

