# JRE version: OpenJDK Runtime Environment (11.0.3+7) (build 11.0.3+7-Ubuntu-1ubuntu218.04.1)
# Java VM: OpenJDK 64-Bit Server VM (11.0.3+7-Ubuntu-1ubuntu218.04.1, mixed mode, sharing, tiered, compressed oops, g1 gc, linux-amd64)
Heap:
 garbage-first heap   total 1470464K, used 157211K [0x0000000700000000, 0x0000000800000000)
  region size 1024K, 5 young (5120K), 5 survivors (5120K)
 Metaspace       used 6643K, capacity 8018K, committed 8320K, reserved 1056768K
  class space    used 691K, capacity 887K, committed 896K, reserved 1048576K
GC Heap History (10 events):
Event: 3.597 GC heap after
{Heap after GC invocations=5 (full 0):
 garbage-first heap   total 258048K, used 70268K [0x0000000700000000, 0x0000000800000000)
  region size 1024K, 3 young (3072K), 3 survivors (3072K)
 Metaspace       used 5808K, capacity 7450K, committed 7552K, reserved 1056768K
  class space    used 628K, capacity 803K, committed 896K, reserved 1048576K
}
Event: 3.634 GC heap before
{Heap before GC invocations=5 (full 0):
 garbage-first heap   total 258048K, used 88700K [0x0000000700000000, 0x0000000800000000)
  region size 1024K, 21 young (21504K), 3 survivors (3072K)
 Metaspace       used 5808K, capacity 7450K, committed 7552K, reserved 1056768K
  class space    used 628K, capacity 803K, committed 896K, reserved 1048576K
}
Event: 3.652 GC heap after
{Heap after GC invocations=6 (full 0):
 garbage-first heap   total 596992K, used 82042K [0x0000000700000000, 0x0000000800000000)
  region size 1024K, 3 young (3072K), 3 survivors (3072K)
 Metaspace       used 5808K, capacity 7450K, committed 7552K, reserved 1056768K
  class space    used 628K, capacity 803K, committed 896K, reserved 1048576K
}
Event: 3.987 GC heap before
{Heap before GC invocations=6 (full 0):
 garbage-first heap   total 596992K, used 123002K [0x0000000700000000, 0x0000000800000000)
  region size 1024K, 29 young (29696K), 3 survivors (3072K)
 Metaspace       used 5808K, capacity 7450K, committed 7552K, reserved 1056768K
  class space    used 628K, capacity 803K, committed 896K, reserved 1048576K
}
Event: 4.173 GC heap after
{Heap after GC invocations=7 (full 0):
 garbage-first heap   total 596992K, used 111228K [0x0000000700000000, 0x0000000800000000)
  region size 1024K, 4 young (4096K), 4 survivors (4096K)
 Metaspace       used 5808K, capacity 7450K, committed 7552K, reserved 1056768K
  class space    used 628K, capacity 803K, committed 896K, reserved 1048576K
}
Event: 4.225 GC heap before
{Heap before GC invocations=7 (full 0):
 garbage-first heap   total 596992K, used 136828K [0x0000000700000000, 0x0000000800000000)
  region size 1024K, 29 young (29696K), 4 survivors (4096K)
 Metaspace       used 5808K, capacity 7450K, committed 7552K, reserved 1056768K
  class space    used 628K, capacity 803K, committed 896K, reserved 1048576K
}
Event: 4.428 GC heap after
{Heap after GC invocations=8 (full 0):
 garbage-first heap   total 596992K, used 126588K [0x0000000700000000, 0x0000000800000000)
  region size 1024K, 4 young (4096K), 4 survivors (4096K)
 Metaspace       used 5808K, capacity 7450K, committed 7552K, reserved 1056768K
  class space    used 628K, capacity 803K, committed 896K, reserved 1048576K
}
Event: 4.558 GC heap before
{Heap before GC invocations=8 (full 0):
 garbage-first heap   total 596992K, used 152188K [0x0000000700000000, 0x0000000800000000)
  region size 1024K, 29 young (29696K), 4 survivors (4096K)
 Metaspace       used 5877K, capacity 7520K, committed 7808K, reserved 1056768K
  class space    used 630K, capacity 804K, committed 896K, reserved 1048576K
}
Event: 4.572 GC heap after
{Heap after GC invocations=9 (full 0):
 garbage-first heap   total 596992K, used 135292K [0x0000000700000000, 0x0000000800000000)
  region size 1024K, 4 young (4096K), 4 survivors (4096K)
 Metaspace       used 5877K, capacity 7520K, committed 7808K, reserved 1056768K
  class space    used 630K, capacity 804K, committed 896K, reserved 1048576K
}
Event: 5.046 GC heap before
{Heap before GC invocations=9 (full 0):
 garbage-first heap   total 596992K, used 180348K [0x0000000700000000, 0x0000000800000000)
  region size 1024K, 33 young (33792K), 4 survivors (4096K)
 Metaspace       used 6643K, capacity 8018K, committed 8320K, reserved 1056768K
  class space    used 691K, capacity 887K, committed 896K, reserved 1048576K
}

