# JRE version: OpenJDK Runtime Environment (11.0.3+7) (build 11.0.3+7-Ubuntu-1ubuntu218.04.1)
# Java VM: OpenJDK 64-Bit Server VM (11.0.3+7-Ubuntu-1ubuntu218.04.1, mixed mode, sharing, tiered, compressed oops, g1 gc, linux-amd64)
Heap:
 garbage-first heap   total 1112064K, used 155154K [0x0000000700000000, 0x0000000800000000)
  region size 1024K, 4 young (4096K), 4 survivors (4096K)
 Metaspace       used 6482K, capacity 7881K, committed 8064K, reserved 1056768K
  class space    used 669K, capacity 839K, committed 896K, reserved 1048576K
GC Heap History (10 events):
Event: 1.715 GC heap after
{Heap after GC invocations=4 (full 0):
 garbage-first heap   total 258048K, used 53372K [0x0000000700000000, 0x0000000800000000)
  region size 1024K, 4 young (4096K), 4 survivors (4096K)
 Metaspace       used 5816K, capacity 7450K, committed 7552K, reserved 1056768K
  class space    used 628K, capacity 803K, committed 896K, reserved 1048576K
}
Event: 1.809 GC heap before
{Heap before GC invocations=4 (full 0):
 garbage-first heap   total 258048K, used 87164K [0x0000000700000000, 0x0000000800000000)
  region size 1024K, 30 young (30720K), 4 survivors (4096K)
 Metaspace       used 5816K, capacity 7450K, committed 7552K, reserved 1056768K
  class space    used 628K, capacity 803K, committed 896K, reserved 1048576K
}
Event: 1.834 GC heap after
{Heap after GC invocations=5 (full 0):
 garbage-first heap   total 370688K, used 76412K [0x0000000700000000, 0x0000000800000000)
  region size 1024K, 4 young (4096K), 4 survivors (4096K)
 Metaspace       used 5816K, capacity 7450K, committed 7552K, reserved 1056768K
  class space    used 628K, capacity 803K, committed 896K, reserved 1048576K
}
Event: 2.250 GC heap before
{Heap before GC invocations=5 (full 0):
 garbage-first heap   total 370688K, used 124540K [0x0000000700000000, 0x0000000800000000)
  region size 1024K, 37 young (37888K), 4 survivors (4096K)
 Metaspace       used 5816K, capacity 7450K, committed 7552K, reserved 1056768K
  class space    used 628K, capacity 803K, committed 896K, reserved 1048576K
}
Event: 2.664 GC heap after
{Heap after GC invocations=6 (full 0):
 garbage-first heap   total 370688K, used 110204K [0x0000000700000000, 0x0000000800000000)
  region size 1024K, 5 young (5120K), 5 survivors (5120K)
 Metaspace       used 5816K, capacity 7450K, committed 7552K, reserved 1056768K
  class space    used 628K, capacity 803K, committed 896K, reserved 1048576K
}
Event: 2.724 GC heap before
{Heap before GC invocations=6 (full 0):
 garbage-first heap   total 370688K, used 129660K [0x0000000700000000, 0x0000000800000000)
  region size 1024K, 24 young (24576K), 5 survivors (5120K)
 Metaspace       used 5816K, capacity 7450K, committed 7552K, reserved 1056768K
  class space    used 628K, capacity 803K, committed 896K, reserved 1048576K
}
Event: 2.742 GC heap after
{Heap after GC invocations=7 (full 0):
 garbage-first heap   total 370688K, used 121980K [0x0000000700000000, 0x0000000800000000)
  region size 1024K, 3 young (3072K), 3 survivors (3072K)
 Metaspace       used 5816K, capacity 7450K, committed 7552K, reserved 1056768K
  class space    used 628K, capacity 803K, committed 896K, reserved 1048576K
}
Event: 2.832 GC heap before
{Heap before GC invocations=7 (full 0):
 garbage-first heap   total 370688K, used 148604K [0x0000000700000000, 0x0000000800000000)
  region size 1024K, 29 young (29696K), 3 survivors (3072K)
 Metaspace       used 5852K, capacity 7456K, committed 7552K, reserved 1056768K
  class space    used 630K, capacity 804K, committed 896K, reserved 1048576K
}
Event: 3.016 GC heap after
{Heap after GC invocations=8 (full 0):
 garbage-first heap   total 370688K, used 131196K [0x0000000700000000, 0x0000000800000000)
  region size 1024K, 4 young (4096K), 4 survivors (4096K)
 Metaspace       used 5852K, capacity 7456K, committed 7552K, reserved 1056768K
  class space    used 630K, capacity 804K, committed 896K, reserved 1048576K
}
Event: 3.285 GC heap before
{Heap before GC invocations=8 (full 0):
 garbage-first heap   total 370688K, used 171132K [0x0000000700000000, 0x0000000800000000)
  region size 1024K, 28 young (28672K), 4 survivors (4096K)
 Metaspace       used 6482K, capacity 7881K, committed 8064K, reserved 1056768K
  class space    used 669K, capacity 839K, committed 896K, reserved 1048576K
}

