# JRE version: OpenJDK Runtime Environment (11.0.3+7) (build 11.0.3+7-Ubuntu-1ubuntu218.04.1)
# Java VM: OpenJDK 64-Bit Server VM (11.0.3+7-Ubuntu-1ubuntu218.04.1, mixed mode, sharing, tiered, compressed oops, g1 gc, linux-amd64)
Heap:
 garbage-first heap   total 1118208K, used 155772K [0x0000000700000000, 0x0000000800000000)
  region size 1024K, 6 young (6144K), 6 survivors (6144K)
 Metaspace       used 6488K, capacity 7881K, committed 8064K, reserved 1056768K
  class space    used 669K, capacity 839K, committed 896K, reserved 1048576K
GC Heap History (10 events):
Event: 1.699 GC heap after
{Heap after GC invocations=4 (full 0):
 garbage-first heap   total 258048K, used 55420K [0x0000000700000000, 0x0000000800000000)
  region size 1024K, 4 young (4096K), 4 survivors (4096K)
 Metaspace       used 5817K, capacity 7450K, committed 7552K, reserved 1056768K
  class space    used 628K, capacity 803K, committed 896K, reserved 1048576K
}
Event: 1.909 GC heap before
{Heap before GC invocations=4 (full 0):
 garbage-first heap   total 258048K, used 87164K [0x0000000700000000, 0x0000000800000000)
  region size 1024K, 28 young (28672K), 4 survivors (4096K)
 Metaspace       used 5817K, capacity 7450K, committed 7552K, reserved 1056768K
  class space    used 628K, capacity 803K, committed 896K, reserved 1048576K
}
Event: 2.268 GC heap after
{Heap after GC invocations=5 (full 0):
 garbage-first heap   total 372736K, used 76924K [0x0000000700000000, 0x0000000800000000)
  region size 1024K, 4 young (4096K), 4 survivors (4096K)
 Metaspace       used 5817K, capacity 7450K, committed 7552K, reserved 1056768K
  class space    used 628K, capacity 803K, committed 896K, reserved 1048576K
}
Event: 2.451 GC heap before
{Heap before GC invocations=5 (full 0):
 garbage-first heap   total 372736K, used 95356K [0x0000000700000000, 0x0000000800000000)
  region size 1024K, 22 young (22528K), 4 survivors (4096K)
 Metaspace       used 5817K, capacity 7450K, committed 7552K, reserved 1056768K
  class space    used 628K, capacity 803K, committed 896K, reserved 1048576K
}
Event: 2.482 GC heap after
{Heap after GC invocations=6 (full 0):
 garbage-first heap   total 372736K, used 88188K [0x0000000700000000, 0x0000000800000000)
  region size 1024K, 3 young (3072K), 3 survivors (3072K)
 Metaspace       used 5817K, capacity 7450K, committed 7552K, reserved 1056768K
  class space    used 628K, capacity 803K, committed 896K, reserved 1048576K
}
Event: 2.654 GC heap before
{Heap before GC invocations=6 (full 0):
 garbage-first heap   total 372736K, used 126076K [0x0000000700000000, 0x0000000800000000)
  region size 1024K, 26 young (26624K), 3 survivors (3072K)
 Metaspace       used 5817K, capacity 7450K, committed 7552K, reserved 1056768K
  class space    used 628K, capacity 803K, committed 896K, reserved 1048576K
}
Event: 2.673 GC heap after
{Heap after GC invocations=7 (full 0):
 garbage-first heap   total 372736K, used 115836K [0x0000000700000000, 0x0000000800000000)
  region size 1024K, 4 young (4096K), 4 survivors (4096K)
 Metaspace       used 5817K, capacity 7450K, committed 7552K, reserved 1056768K
  class space    used 628K, capacity 803K, committed 896K, reserved 1048576K
}
Event: 2.755 GC heap before
{Heap before GC invocations=7 (full 0):
 garbage-first heap   total 372736K, used 145532K [0x0000000700000000, 0x0000000800000000)
  region size 1024K, 33 young (33792K), 4 survivors (4096K)
 Metaspace       used 5853K, capacity 7456K, committed 7552K, reserved 1056768K
  class space    used 630K, capacity 804K, committed 896K, reserved 1048576K
}
Event: 2.783 GC heap after
{Heap after GC invocations=8 (full 0):
 garbage-first heap   total 372736K, used 131708K [0x0000000700000000, 0x0000000800000000)
  region size 1024K, 5 young (5120K), 5 survivors (5120K)
 Metaspace       used 5853K, capacity 7456K, committed 7552K, reserved 1056768K
  class space    used 630K, capacity 804K, committed 896K, reserved 1048576K
}
Event: 3.403 GC heap before
{Heap before GC invocations=8 (full 0):
 garbage-first heap   total 372736K, used 183932K [0x0000000700000000, 0x0000000800000000)
  region size 1024K, 41 young (41984K), 5 survivors (5120K)
 Metaspace       used 6488K, capacity 7881K, committed 8064K, reserved 1056768K
  class space    used 669K, capacity 839K, committed 896K, reserved 1048576K
}

